[2025-05-10 07:01:44.618] [debug] Try expanding: $XDG_CONFIG_HOME/waybar/config
[2025-05-10 07:01:44.618] [debug] Try expanding: $XDG_CONFIG_HOME/waybar/config.jsonc
[2025-05-10 07:01:44.618] [debug] Try expanding: $HOME/.config/waybar/config
[2025-05-10 07:01:44.618] [debug] Found config file: /home/robbsbro/.config/waybar/config
[2025-05-10 07:01:44.618] [info] Using configuration file /home/robbsbro/.config/waybar/config
[2025-05-10 07:01:44.619] [info] Unable to receive desktop appearance: GDBus.Error:org.freedesktop.DBus.Error.UnknownMethod: No such interface “org.freedesktop.portal.Settings” on object at path /org/freedesktop/portal/desktop
[2025-05-10 07:01:44.619] [debug] Try expanding: $XDG_CONFIG_HOME/waybar/style.css
[2025-05-10 07:01:44.619] [debug] Try expanding: $HOME/.config/waybar/style.css
[2025-05-10 07:01:44.619] [debug] Found config file: /home/robbsbro/.config/waybar/style.css
[2025-05-10 07:01:44.619] [info] Using CSS file /home/robbsbro/.config/waybar/style.css
[2025-05-10 07:01:44.622] [debug] Output detection done: HDMI-A-1 (BNQ BenQ GW2490 ETF5R03725SL0)
[2025-05-10 07:01:44.623] [info] Hyprland IPC starting
[2025-05-10 07:01:44.623] [debug] window-rewrite is not defined or is not an object, using default rules.
[2025-05-10 07:01:44.631] [debug] Initializing workspaces
[2025-05-10 07:01:44.631] [debug] Initializing persistent workspaces
[2025-05-10 07:01:44.631] [info] Loading persistent workspaces from Hyprland workspace rules
[2025-05-10 07:01:44.636] [debug] network: new default route via 192.168.1.254 on if3 metric 600
[2025-05-10 07:01:44.636] [debug] network: wlan0, new addr 192.168.1.71/24
[2025-05-10 07:01:44.636] [debug] network: wlan0, new addr 192.168.1.71/24
[2025-05-10 07:01:44.636] [debug] network: wlan0, new addr 2400:1a00:bb20:afba:e9e9:1805:8d6:e2dc/64
[2025-05-10 07:01:44.648] [debug] GTK widget tree:
window#waybar.background.top.HDMI-A-1..mode-default:dir(ltr)
  decoration:dir(ltr)
  box.horizontal:dir(ltr)
    box.horizontal.modules-left:dir(ltr)
      widget:dir(ltr)
        box#workspaces.horizontal.module:dir(ltr)
    box.horizontal.modules-center:dir(ltr)
      widget:dir(ltr)
        label#custom-player.module:dir(ltr)
    box.horizontal.modules-right:dir(ltr)
      widget:dir(ltr)
        label#clock.module:dir(ltr)
      widget:dir(ltr)
        label#cpu.module:dir(ltr)
      widget:dir(ltr)
        label#memory.module:dir(ltr)
      widget:dir(ltr)
        label#battery.module:dir(ltr)
      widget:dir(ltr)
        label#network.module:dir(ltr)
      widget:dir(ltr)
        label#backlight.module:dir(ltr)
      widget:dir(ltr)
        label#pulseaudio.module:dir(ltr)
      widget:dir(ltr)
        box#tray.horizontal.module:dir(ltr)

[2025-05-10 07:01:44.648] [debug] Creating workspace 1
[2025-05-10 07:01:44.649] [debug] Creating workspace 2
[2025-05-10 07:01:44.649] [debug] Creating workspace 3
[2025-05-10 07:01:44.650] [debug] Cmd exited with code 0
[2025-05-10 07:01:44.650] [debug] Received SIGCHLD in signalThread
[2025-05-10 07:01:44.756] [error] battery: argument not found
[2025-05-10 07:01:44.763] [warning] Requested height: 32 is less than the minimum height: 33 required by the modules
[2025-05-10 07:01:44.763] [info] Bar configured (width: 1920, height: 33) for output: HDMI-A-1
[2025-05-10 07:01:44.763] [error] Item '': No icon name or pixmap given.
[2025-05-10 07:01:44.773] [debug] hyprland IPC received openlayer>>waybar
[2025-05-10 07:01:45.668] [debug] Cmd exited with code 0
[2025-05-10 07:01:45.668] [debug] Received SIGCHLD in signalThread
[2025-05-10 07:01:46.686] [debug] Cmd exited with code 0
[2025-05-10 07:01:46.686] [debug] Received SIGCHLD in signalThread
[2025-05-10 07:01:47.706] [debug] Cmd exited with code 0
[2025-05-10 07:01:47.706] [debug] Received SIGCHLD in signalThread
[2025-05-10 07:01:48.723] [debug] Cmd exited with code 0
[2025-05-10 07:01:48.723] [debug] Received SIGCHLD in signalThread
[2025-05-10 07:01:48.785] [debug] hyprland IPC received activewindow>>zen,Battery Module Configuration Error - Grok — Zen Browser
[2025-05-10 07:01:48.786] [debug] hyprland IPC received activewindowv2>>59a9cfe308f0
[2025-05-10 07:01:49.742] [debug] Cmd exited with code 0
[2025-05-10 07:01:49.742] [debug] Received SIGCHLD in signalThread
[2025-05-10 07:01:50.761] [debug] Cmd exited with code 0
[2025-05-10 07:01:50.761] [debug] Received SIGCHLD in signalThread
[2025-05-10 07:01:50.766] [debug] hyprland IPC received activewindow>>kitty,waybar --log-level debug > waybar.log 2>&1
[2025-05-10 07:01:50.768] [debug] hyprland IPC received activewindowv2>>59a9cff76180
[2025-05-10 07:01:51.264] [info] Quitting.
[2025-05-10 07:01:51.267] [info] Hyprland IPC stopping...
[2025-05-10 07:01:51.268] [debug] Hyprland IPC stopped
