Running at Wed May  7 01:04:17 PM +0545 2025
External monitor found, disabling eDP-1...
Running at Wed May  7 01:37:36 PM +0545 2025
External monitor found, disabling eDP-1...
Running at Wed May  7 01:49:46 PM +0545 2025
External monitor found, disabling eDP-1...
Running at Wed May  7 02:07:48 PM +0545 2025
External monitor found, disabling eDP-1...
Running at Wed May  7 02:15:55 PM +0545 2025
External monitor found, disabling eDP-1...
Running at Wed May  7 02:57:26 PM +0545 2025
External monitor found, disabling eDP-1...
Running at Wed May  7 03:14:54 PM +0545 2025
External monitor found, disabling eDP-1...
Running at Wed May  7 04:47:16 PM +0545 2025
External monitor found, disabling eDP-1...
Running at Wed May  7 04:58:14 PM +0545 2025
No external monitor found, enabling eDP-1...
Running at Wed May  7 05:09:04 PM +0545 2025
No external monitor found, enabling eDP-1...
Running at Wed May  7 05:53:36 PM +0545 2025
External monitor found, disabling eDP-1...
Running at Wed May  7 06:09:40 PM +0545 2025
External monitor found, disabling eDP-1...
Running at Wed May  7 06:54:04 PM +0545 2025
External monitor found, disabling eDP-1...
Running at Wed May  7 08:04:29 PM +0545 2025
External monitor found, disabling eDP-1...
Running at Wed May  7 08:05:29 PM +0545 2025
External monitor found, disabling eDP-1...
Running at Thu May  8 05:19:50 AM +0545 2025
External monitor found, disabling eDP-1...
Running at Thu May  8 05:22:22 AM +0545 2025
External monitor found, disabling eDP-1...
Running at Thu May  8 05:30:01 AM +0545 2025
External monitor found, disabling eDP-1...
Running at Thu May  8 07:59:32 AM +0545 2025
External monitor found, disabling eDP-1...
Running at Thu May  8 08:21:26 AM +0545 2025
External monitor found, disabling eDP-1...
Running at Thu May  8 08:22:10 AM +0545 2025
External monitor found, disabling eDP-1...
Running at Thu May  8 08:55:50 AM +0545 2025
External monitor found, disabling eDP-1...
Running at Thu May  8 11:27:34 AM +0545 2025
External monitor found, disabling eDP-1...
Running at Thu May  8 11:33:29 AM +0545 2025
External monitor found, disabling eDP-1...
Running at Thu May  8 12:57:18 PM +0545 2025
External monitor found, disabling eDP-1...
Running at Thu May  8 01:00:37 PM +0545 2025
External monitor found, disabling eDP-1...
Running at Thu May  8 01:01:18 PM +0545 2025
External monitor found, disabling eDP-1...
Running at Thu May  8 01:04:42 PM +0545 2025
External monitor found, disabling eDP-1...
Running at Thu May  8 01:04:52 PM +0545 2025
External monitor found, disabling eDP-1...
Running at Thu May  8 01:05:58 PM +0545 2025
External monitor found, disabling eDP-1...
Running at Thu May  8 01:07:00 PM +0545 2025
External monitor found, disabling eDP-1...
Running at Thu May  8 01:53:57 PM +0545 2025
External monitor found, disabling eDP-1...
Running at Thu May  8 02:11:18 PM +0545 2025
External monitor found, disabling eDP-1...
Running at Thu May  8 03:59:05 PM +0545 2025
External monitor found, disabling eDP-1...
Running at Thu May  8 08:01:33 PM +0545 2025
External monitor found, disabling eDP-1...
Running at Thu May  8 08:31:13 PM +0545 2025
External monitor found, disabling eDP-1...
Running at Thu May  8 08:54:23 PM +0545 2025
External monitor found, disabling eDP-1...
Running at Fri May  9 05:31:53 AM +0545 2025
External monitor found, disabling eDP-1...
Running at Fri May  9 07:22:59 AM +0545 2025
External monitor found, disabling eDP-1...
Running at Fri May  9 07:27:36 AM +0545 2025
External monitor found, disabling eDP-1...
Running at Fri May  9 07:33:41 AM +0545 2025
External monitor found, disabling eDP-1...
Running at Fri May  9 08:01:26 AM +0545 2025
External monitor found, disabling eDP-1...
Running at Fri May  9 08:05:31 AM +0545 2025
External monitor found, disabling eDP-1...
Running at Fri May  9 03:00:27 PM +0545 2025
External monitor found, disabling eDP-1...
Running at Fri May  9 05:18:42 PM +0545 2025
External monitor found, disabling eDP-1...
Running at Fri May  9 05:29:00 PM +0545 2025
External monitor found, disabling eDP-1...
Running at Fri May  9 09:13:25 PM +0545 2025
External monitor found, disabling eDP-1...
Running at Sat May 10 04:38:12 AM +0545 2025
External monitor found, disabling eDP-1...
Running at Sat May 10 07:09:03 AM +0545 2025
External monitor found, disabling eDP-1...
Running at Sat May 10 08:30:27 AM +0545 2025
External monitor found, disabling eDP-1...
Running at Sat May 10 08:30:31 AM +0545 2025
External monitor found, disabling eDP-1...
Running at Sat May 10 09:50:56 AM +0545 2025
External monitor found, disabling eDP-1...
Running at Sat May 10 11:06:18 AM +0545 2025
External monitor found, disabling eDP-1...
Running at Sat May 10 11:09:12 AM +0545 2025
External monitor found, disabling eDP-1...
Running at Sat May 10 01:09:54 PM +0545 2025
External monitor found, disabling eDP-1...
Running at Sat May 10 01:20:54 PM +0545 2025
External monitor found, disabling eDP-1...
Running at Sat May 10 01:22:39 PM +0545 2025
External monitor found, disabling eDP-1...
Running at Sat May 10 01:27:34 PM +0545 2025
External monitor found, disabling eDP-1...
Running at Sat May 10 01:34:34 PM +0545 2025
External monitor found, disabling eDP-1...
Running at Sat May 10 01:48:12 PM +0545 2025
External monitor found, disabling eDP-1...
Running at Sat May 10 01:58:49 PM +0545 2025
External monitor found, disabling eDP-1...
Running at Sat May 10 02:53:42 PM +0545 2025
External monitor found, disabling eDP-1...
Running at Sat May 10 02:58:35 PM +0545 2025
External monitor found, disabling eDP-1...
Running at Sat May 10 03:01:19 PM +0545 2025
External monitor found, disabling eDP-1...
Running at Sat May 10 04:07:18 PM +0545 2025
External monitor found, disabling eDP-1...
Running at Sat May 10 04:19:02 PM +0545 2025
External monitor found, disabling eDP-1...
Running at Sat May 10 06:25:02 PM +0545 2025
External monitor found, disabling eDP-1...
Running at Sat May 10 06:29:03 PM +0545 2025
External monitor found, disabling eDP-1...
Running at Sat May 10 06:39:38 PM +0545 2025
External monitor found, disabling eDP-1...
Running at Sat May 10 06:53:38 PM +0545 2025
External monitor found, disabling eDP-1...
Running at Sat May 10 07:07:14 PM +0545 2025
External monitor found, disabling eDP-1...
Running at Sun May 11 05:43:54 AM +0545 2025
External monitor found, disabling eDP-1...
